epoch,Top2Acc,Top3Acc,acc,loss,val_Top2Acc,val_Top3Acc,val_acc,val_loss
0,0.6522872028629698,0.8708743483397612,0.37753329447189643,1.2713100654787595,0.8029689597375641,0.9473684218570128,0.5708502009812637,1.071135500664653
1,0.8497394329216277,0.9617834389727449,0.6074116963075639,0.8846700078984113,0.8731444005058845,0.959514170844867,0.6315789467249161,0.8965087242615528
2,0.9212507232807935,0.9846554719166184,0.7220613782158737,0.6447400632246975,0.8947368429096443,0.9662618083670715,0.6491228061327246,0.8339029598010858
3,0.947886508430576,0.9901563404748118,0.791835552567889,0.5053904658462798,0.8906882585462449,0.9716599198327213,0.6612685564880268,0.8305269836896827
4,0.9565720906061593,0.9927620150550087,0.8291835553672318,0.42571377978548536,0.8839406210240404,0.9581646410077207,0.66126855592496,0.9783986791586264
5,0.9719166178957327,0.9959467284308049,0.8595830919291149,0.3491074417323547,0.8798920374650222,0.9581646410077207,0.6518218630721212,1.0056999776205715
6,0.9736537350763388,0.9959467284308049,0.8723219453632728,0.31498809774003417,0.8771929826974547,0.9622132261755013,0.6653171375534634,1.0498547175956963
7,0.979154603358425,0.9979733642154024,0.874638101063371,0.2923226637359154,0.8906882577418638,0.9703103921674041,0.6707152487777988,1.0438357973710084
8,0.9785755645628257,0.9971048060220035,0.8847712794686579,0.26908851791546395,0.8731443997015033,0.9595141686730378,0.6585695011573925,1.1942840397921008
9,0.9846554713989174,0.9979733642154024,0.897510133524057,0.23839345351767527,0.879892038028089,0.9649122793343063,0.6693657211124816,1.2818906693323422
10,0.9861030686640229,0.9979733642154024,0.9018529239388373,0.2272084731205254,0.8812415640846438,0.9622132240036722,0.662618082785896,1.2383910875249649
11,0.9869716268574218,0.9994209612044007,0.9044585987951415,0.21042930343003374,0.8650472337096005,0.9514170034855162,0.643724695471456,1.3867057363996622
12,0.9884192240880139,0.9988419224088014,0.9088013900382435,0.21217513755697284,0.8825910925543421,0.968960863134639,0.6788124147697017,1.2539295238039272
13,0.9881297044486205,0.9988419226849086,0.9145917777181293,0.19286156083782352,0.8636977060442833,0.9662618069996235,0.6545209175983743,1.475750794616627
14,0.9910248986682108,0.9991314418066011,0.91864504873511,0.19014423448844803,0.8825910925543421,0.9662618069996235,0.6734143041084331,1.3803917698853734
15,0.9913144180660104,0.9988419224088014,0.9125651422096389,0.20435127350175455,0.8731443997015033,0.9649122793343063,0.6545209189658223,1.5677870450875697
16,0.9918934571377169,0.998262883613202,0.9163288935872261,0.18487013663317886,0.869095817509933,0.9649122793343063,0.6599190274552617,1.6363864335936573
17,0.9939200929223145,0.9994209612044007,0.9198031265679024,0.17606819526750225,0.8677462890402348,0.9554655864814676,0.663967611818661,1.6687055673354712
18,0.9936305735245149,0.9991314418066011,0.9235668790154051,0.16389181298814762,0.870445344370869,0.9581646431795499,0.6666666657818474,1.586272976176459
19,0.9927620153311159,0.9997104806022004,0.9305153440103824,0.1546290669100576,0.8542510123870634,0.9568151141467848,0.6491228083045537,1.8189318498619171

evaluating...
loss: 1.760
acc: 67.21%
Top2Acc: 87.31%
Top3Acc: 95.95%
