epoch,Top2Acc,Top3Acc,acc,loss,val_Top2Acc,val_Top3Acc,val_acc,val_loss
0,0.6427330634603627,0.8555298202563796,0.3442385640528137,1.3220491653656643,0.7314439958888992,0.9257759792119385,0.4224021589627311,1.2046923334942816
1,0.7321945571388616,0.9143022585274101,0.4209612049183959,1.20410137743914,0.7381916326067226,0.9379217260279636,0.4669365726019207,1.1281727145397067
2,0.7443543721225542,0.9203821650873946,0.43370005766228575,1.1684267266195636,0.7638326596151962,0.9487179495223299,0.49122806953193365,1.0882688781671357
3,0.7527504338649359,0.9273306309106933,0.4420961204745829,1.158485352613364,0.7408906871329757,0.9311740885057591,0.4412955453521327,1.1181627142767192
4,0.7695425594895302,0.9357266939645843,0.45483497370166037,1.1410309867356372,0.7678812418067664,0.9568151155142327,0.5033738201285503,1.0756380116408653
5,0.7620150551812526,0.9365952513986885,0.4687319048305571,1.129797051804702,0.7516869106273419,0.9527665317139001,0.48448043064228113,1.0814296549309281
6,0.787492761842488,0.9409380431249781,0.4774174874893281,1.1058749047468768,0.7746288809377333,0.940620781358598,0.434547907025547,1.11793459507457
7,0.7866242039251963,0.9504921824585584,0.4762594093459151,1.0957620939769424,0.7962213219740452,0.9649122807017544,0.5020242902914039,1.056942262710669
8,0.7961783437419642,0.9429646789095757,0.48697162730609606,1.0873222034931458,0.8016194334396949,0.9527665303464521,0.5168690957360261,1.033014290326359
9,0.8042848874670823,0.9496236248173738,0.4973943254198031,1.0709667163704197,0.7854251022602704,0.9446693643545493,0.4993252363282177,1.064476527183162
10,0.806022003577773,0.9522292993975707,0.4973943251782093,1.0640492462739133,0.8056680156312651,0.9419703098282962,0.534412954017701,1.0454430560834012
11,0.8152866240312546,0.9591777646686551,0.5222929935960599,1.0453280139052255,0.7813765192643191,0.9392712544976619,0.4601889348384018,1.0745159045726502
12,0.8066010418211579,0.9490445854695602,0.5121598144487349,1.0516168884825141,0.7962213235828075,0.9365721991670276,0.5330634279611461,1.0538380564304821
13,0.8170237404180526,0.9548349742193614,0.5275043427564536,1.0299827321526904,0.8286099851372754,0.9649122815061355,0.5438596484793021,1.0030059242538112
14,0.8262883608715342,0.9614939203687535,0.5437174289987208,1.0044940656571977,0.823211875280388,0.960863696338355,0.5249662617279289,1.0120020666424885
15,0.8210770122633549,0.9632310362378503,0.5361899252426576,1.0116616985876572,0.7786774631293035,0.9406207821629791,0.5047233477938674,1.0629653621781692
16,0.8326577878647204,0.9597568031881473,0.5416907934902304,0.9910201803065478,0.8272604582763394,0.9649122815061355,0.5290148433564323,1.00513592656003
17,0.8274464392910544,0.9617834397665531,0.5509554137538883,0.9708030560697236,0.8434547894557639,0.9662618069996235,0.5425101200096037,0.9944426590292721
18,0.8271569196171477,0.9609148813315603,0.5477707006369427,0.9887149607990268,0.8029689619093933,0.9662618069996235,0.5303643726305118,1.023987377542555
19,0.8427909673399226,0.9687319047960438,0.5686160969333837,0.951409666021918,0.812415654762232,0.9676113346649406,0.524966260360481,1.009992020091547

evaluating...
loss: 1.027
acc: 51.69%
Top2Acc: 82.46%
Top3Acc: 96.90%
