epoch,Top2Acc,Top3Acc,acc,loss,val_Top2Acc,val_Top3Acc,val_acc,val_loss
0,0.594672842700839,0.8112333521514389,0.33757961788616503,1.33649456956584,0.7395411610764209,0.9068825897256694,0.43589743629962646,1.2047379962828477
1,0.837579618179529,0.9513607406519573,0.5946728428043792,0.936502567315005,0.812415654762232,0.9311740877013779,0.5344129564308444,0.9901521823666839
2,0.9041690791212346,0.9777070063694268,0.722061378319414,0.6753016599493352,0.8272604585176537,0.9352226715017105,0.6248313075939492,0.9472589892575294
3,0.9258830344739095,0.9849449915905253,0.7805442960191892,0.5468099895383695,0.8245614026239526,0.9365721999714088,0.5951416991982865,1.070357408439904
4,0.94209612075069,0.9881297041725132,0.8092067169535692,0.47156703596385696,0.8407557367795875,0.9392712561064243,0.6342780028599315,1.0408551985757393
5,0.9522292988453563,0.9901563404748118,0.8332368272125341,0.41698812019914716,0.8259109308523366,0.9365721991670276,0.5951416997613533,1.1060405010797396
6,0.9583092064752562,0.9924724956572091,0.8390272146508262,0.3896346852381794,0.8340080984530017,0.9352226723060917,0.6248313092027116,1.1494549580431177
7,0.9614939200926462,0.9942096120440069,0.8569774172798912,0.3464077275201083,0.8380566812076389,0.941970309023915,0.6248313092027116,1.2221783079438202
8,0.964678633779063,0.9942096115263059,0.8647944408134014,0.3324329208865218,0.8259109324610989,0.9284750323707437,0.6356275297208676,1.2174734572167338
9,0.9687319050721509,0.9959467284308049,0.8720324257238793,0.2921589009666553,0.8178137656648149,0.9338731438363934,0.6234817807330133,1.3687277287445891
10,0.9756803708609364,0.9965257672264042,0.8795599303082641,0.28231549204327705,0.8272604590807205,0.9365721991670276,0.6140350870757934,1.3441842393836512
11,0.9719166184134337,0.9968152866242038,0.8743485808372498,0.2871082993208085,0.8245614037500862,0.9365722005344757,0.6045883942229545,1.274500027359256
12,0.9739432541980313,0.9971048060220035,0.8830341627712394,0.2753978968874595,0.8259109322197846,0.9379217260279636,0.6018893380879391,1.5096753673193104
13,0.9771279678499346,0.9979733642154024,0.8894035895228317,0.25035179909868743,0.8245614023826383,0.9379217268323448,0.6099865054472898,1.5038391634842
14,0.9722061380873406,0.9973943254198031,0.890272147750744,0.24936322101672811,0.8272604598851018,0.9406207835304271,0.620782725402379,1.6023961406970313
15,0.975969889741035,0.9973943254198031,0.8792704114971923,0.26079435913149995,0.820512821558516,0.9284750345425729,0.6018893372835579,1.5523808266308947
16,0.9753908512215429,0.9976838448176027,0.8885350313984596,0.2434564455782808,0.8178137654235006,0.9338731430320122,0.6045883939816401,1.652235868649605
17,0.9803126804319225,0.9971048060220035,0.902721482097723,0.22078772942731334,0.8299595144113548,0.941970309023915,0.5964912287941185,1.640582196142992
18,0.9794441227562247,0.9973943254198031,0.9041690793628284,0.20980197573474327,0.8286099875504188,0.9406207835304271,0.6018893372835579,1.6779243662933268
19,0.9777070058517258,0.9968152866242038,0.9047481176407267,0.20329038732370752,0.8313090415136052,0.9352226715017105,0.6167341437738756,1.7809925100259614

evaluating...
loss: 1.711
acc: 64.78%
Top2Acc: 83.13%
Top3Acc: 93.39%
