epoch,Top2Acc,Top3Acc,acc,loss,val_Top2Acc,val_Top3Acc,val_acc,val_loss
0,0.5390851191171139,0.7898089172319657,0.3005211346744456,1.677834732586342,0.7085020255785078,0.9473684218570128,0.45614035023368804,1.2275966211208287
1,0.8407643307270034,0.958309206199149,0.5683265777771778,0.9550799869289961,0.8623481783789662,0.9622132253711201,0.6099865032754607,0.9312854401174023
2,0.9171974520222189,0.9814707582992285,0.6945570349762326,0.6901540018329058,0.889338731685309,0.9757085020242915,0.6153846139367293,0.8614989623688815
3,0.9464389117521983,0.9889982628836133,0.7550665890473331,0.5580510441526624,0.8542510123870634,0.9325236161710763,0.627530365337727,1.1390421667240571
4,0.9583092062336624,0.9936305732484076,0.8068905620817926,0.46902889054706487,0.8879892045830586,0.9730094474980384,0.6531713899330571,0.9742294048008165
5,0.9704690217005426,0.9950781702374059,0.8381586570096416,0.3923915901588579,0.9001349535709129,0.9770580296896086,0.6869095829334336,0.8897357311969505
6,0.9794441227562247,0.9959467284308049,0.859872611016294,0.3300511575911731,0.881241566256473,0.9757085020242915,0.6707152509496279,1.0265733829715795
7,0.9797336424301315,0.9965257672264042,0.8850607991425647,0.2844937333808031,0.8960863705749614,0.9757085020242915,0.651821863635188,1.0765761389584354
8,0.9817602782147291,0.9979733642154024,0.8865083958554558,0.27315947304727306,0.8987854237337666,0.9757085028286727,0.6477732798348554,0.976960460103636
9,0.9861030691817239,0.9973943254198031,0.8995367690325473,0.22638075351369955,0.8825910917499609,0.9757085020242915,0.6639676104512131,1.1223186071102436
10,0.9808917200558436,0.998262883095501,0.8957730163089375,0.24803868693703507,0.8461538450277125,0.9500674771876471,0.6572199737333897,1.2347980995088133
11,0.9872611464968153,0.9985524030110018,0.9064852348213328,0.22271524215269173,0.8987854251012146,0.9811066126855601,0.6518218612220446,1.164372755850536
12,0.9904458598726115,0.998262883613202,0.9180660107678323,0.19402917080624088,0.8717948720361861,0.9784075581593069,0.661268557292408,1.2442531069280647
13,0.9904458601487187,0.9985524030110018,0.9108280252706266,0.19863675839305958,0.8839406215871072,0.9743589751633556,0.672064777810564,1.1995766729156658
14,0.9913144180660104,0.9994209612044007,0.9180660099395107,0.19112078060321055,0.9028340075340991,0.9730094453262093,0.6747638339455794,1.2789259991343365
15,0.9913144183421176,0.9997104806022004,0.9244354366911031,0.1747825586543859,0.8960863684031323,0.9730094466936572,0.6653171386795971,1.1981680173622935
16,0.9907353792704111,0.9994209612044007,0.925014475452189,0.17965367664628865,0.8893387322483758,0.9743589743589743,0.6747638339455794,1.3363534870900606
17,0.9947886508396062,0.9997104806022004,0.9310943830820889,0.15091062910082578,0.8893387308809277,0.9757085020242915,0.682860999133101,1.2714736780174347
18,0.9947886511157135,1.0,0.9392009262204791,0.13903403449555526,0.8893387300765466,0.9757085020242915,0.661268557292408,1.454304520256928
19,0.9979733642154024,0.9997104806022004,0.9423856398723826,0.11755505662366153,0.8852901478849764,0.9662618091714527,0.6869095813246713,1.6626977637390055

evaluating...
loss: 1.604
acc: 68.96%
Top2Acc: 89.07%
Top3Acc: 97.17%
