epoch,Top2Acc,Top3Acc,acc,loss,val_Top2Acc,val_Top3Acc,val_acc,val_loss
0,0.5538506076801147,0.7955993054985793,0.29617834379373426,1.74668519871043,0.6680161948146125,0.8731443988971221,0.4291497969273453,1.2846708849534976
1,0.6624203825797659,0.8894035901095595,0.4021424435782308,1.2457476397366902,0.6653171386795971,0.8933873138768792,0.4129554641391584,1.458015195271264
2,0.7029530980301235,0.8946149392699533,0.44557035324817873,1.2096104430682961,0.6774628876674513,0.8987854261469101,0.36437246818774144,1.4718435293267131
3,0.7507237986325528,0.9224088008719921,0.4696004630412128,1.1438497610014853,0.6491228083045537,0.8556005392479993,0.337381915122713,1.432098585101757
4,0.7819918935604018,0.9279096699823999,0.49363057297230045,1.0997090896016681,0.831309040709224,0.9541160601835984,0.5425101200096037,1.0108587551213468
5,0.8106543142186746,0.9394904456527922,0.5292414591777649,1.0394128217266416,0.7516869084555128,0.9230769233182374,0.3751686897515929,1.2568433802780996
6,0.7623045743029451,0.9238563981716109,0.48147075859259236,1.100208187351768,0.755735492014531,0.932523615366695,0.502024291658852,1.2637807050375482
7,0.7640416904481492,0.9400694841722843,0.4939200927152341,1.0973487315870947,0.7692307689090168,0.9352226715017105,0.4871794873403634,1.1073110611171697
8,0.8025477702519627,0.94209612075069,0.5327156916407402,1.015451563564283,0.6963562757862725,0.8744939257580581,0.4224021577963784,1.4967903195605103
9,0.7874927619115148,0.9447017945370787,0.5214244354371743,1.0486825673512523,0.6545209165526787,0.8785425087540095,0.3036437234897845,1.6047664702179945
10,0.7909669943399766,0.9461493922853719,0.5225825135115605,1.0305732679836448,0.809716598868531,0.9514170034855162,0.533063427156765,1.1706992612998335
11,0.8239722064829452,0.9548349737016604,0.5648523447965016,0.9802137342366305,0.7813765187012521,0.9325236175385242,0.47908232215284174,1.1385142688970011
12,0.7944412279418941,0.9452808338158657,0.5402431962941517,1.0187440181165053,0.8083670712032138,0.9433198366892321,0.5128205137857702,1.1891416195433149
13,0.8173132603680666,0.9528083376409556,0.5457440653700462,1.001426631339934,0.7800269912772494,0.9473684218570128,0.49662618180196455,1.1619560044464956
14,0.8225246087001388,0.9545454540277535,0.5474811814807369,0.9732738756070471,0.8070175449053446,0.9433198374936134,0.515519568070709,1.0151808797589197
15,0.8306311526323372,0.9594672845841559,0.5616676322145137,0.9344976398388499,0.8461538450277125,0.960863696338355,0.5465587046143175,1.0143351995671488
16,0.8370005785901213,0.9609148812970469,0.5723798493808864,0.9362027217144903,0.7894736838887738,0.9500674771876471,0.5182186220338952,1.043080021736593
17,0.8453966414024185,0.9591777649447624,0.5819339893011944,0.9202595820092851,0.8245614023826383,0.9662618069996235,0.5398110668507986,1.0352380887056007
18,0.862478285872598,0.9643891143812634,0.6027793859082561,0.8688215467373485,0.8407557351708251,0.9473684196851836,0.5249662614061765,1.059233277593708
19,0.8485813552959157,0.962651997959952,0.5799073538099608,0.9076365094414044,0.7314439958888992,0.9271255047054265,0.43319838016461104,1.4513295070040724

evaluating...
loss: 1.556
acc: 41.43%
Top2Acc: 71.26%
Top3Acc: 92.31%
