epoch,Top2Acc,Top3Acc,acc,loss,val_Top2Acc,val_Top3Acc,val_acc,val_loss
0,0.5144759699590095,0.7614360166617605,0.2709901562196779,1.4269426437768897,0.4601889343959922,0.6909581659293851,0.2847503375830116,1.3777363995308818
1,0.5075275045843848,0.7796757378948169,0.26462072970967937,1.3960377794507617,0.5883940620380536,0.8043184870811287,0.24561403478607635,1.3643894102248424
2,0.49855240325259553,0.7301679211471835,0.26288361332288146,1.3940609039843392,0.46963562825430744,0.6774628892762137,0.25236167337408594,1.3726715232357483
3,0.5167921250723798,0.7582513024231293,0.26433121029462303,1.3901270688719052,0.4750337379100995,0.8056680147464459,0.23211875856525985,1.3655349704739859
4,0.5176606832312654,0.7628836133401381,0.2550665893061836,1.388387209774099,0.4709851559196246,0.800269906578759,0.25236167337408594,1.3684347547821991
5,0.49363057302407054,0.760856977590054,0.2510133177542452,1.387385766217663,0.460188933591611,0.6801619438024668,0.24291497945544208,1.371248623137532
6,0.49942096092829347,0.7388535035643607,0.25651418629518186,1.388768992606242,0.5951417013701157,0.800269906578759,0.3630229421714057,1.3637967532784672
7,0.5211349165225623,0.7570932253496317,0.2741748695609607,1.380262614677045,0.47233468257946526,0.6815114714677839,0.24156545172979635,1.371120007575443
8,0.5075275043600477,0.746670526752737,0.2698320788700731,1.3824332429966488,0.47233468257946526,0.680161944606848,0.2510121463924928,1.3669572999441995
9,0.5115807764296871,0.7405906197095649,0.2628836130726593,1.382081152044008,0.47368421024478236,0.6774628884718324,0.2483130910618585,1.3738612409545343
10,0.5046323103820511,0.7261146500956894,0.2530399535819845,1.3832346710360803,0.4750337379100995,0.6801619438024668,0.2429149793951135,1.3673807261926443
11,0.5104226982517607,0.746670526752737,0.2692530400399604,1.3785928885372098,0.5937921737047985,0.8677462876727867,0.2510121457087688,1.359156990501723
12,0.49623624807019834,0.7541980316477424,0.25332947317823623,1.3816355043708346,0.5937921737047985,0.7975708504437435,0.2483130903781345,1.3654281275796827
13,0.4939200928878011,0.7336421535756454,0.2533294728848723,1.3809986837212584,0.47233468257946526,0.8043184892529579,0.24561403478607635,1.3680770677110927
14,0.4921829760005589,0.7368268678142766,0.2582513027164932,1.3792662622615237,0.46963562825430744,0.6761133616108965,0.24966261872717566,1.3671437492254774
15,0.49855240309728527,0.7353792703766041,0.25854082213154955,1.3796083563383288,0.4615384612569281,0.6788124161371496,0.2429149793951135,1.3676528398163728
16,0.4956572088259248,0.7365373478987759,0.25506658934069704,1.3801717567664733,0.47368421024478236,0.6761133616108965,0.24561403573122423,1.3690289064296666
17,0.5127388532270775,0.7345107123557721,0.2579617832841801,1.378989578328798,0.47233468257946526,0.6788124161371496,0.2483130910618585,1.3662904690795261
18,0.4898668208354183,0.7313259992560832,0.25419803116455475,1.379912545864611,0.4750337379100995,0.6774628884718324,0.2483130910618585,1.3686167529398292
19,0.4942096120957771,0.7579617838881647,0.2562246669577807,1.3788843678820664,0.46288798892224525,0.6788124161371496,0.2429149793951135,1.3681113314532076

evaluating...
loss: 1.398
acc: 24.43%
Top2Acc: 46.15%
Top3Acc: 67.75%
