epoch,Top2Acc,Top3Acc,acc,loss,val_Top2Acc,val_Top3Acc,val_acc,val_loss
0,0.6207295885028077,0.8425014471138014,0.339606253705276,1.6376368982914769,0.6450742239411543,0.8839406218284216,0.36842105303376954,1.4306093090780672
1,0.7038216559819286,0.8931673420048478,0.3972206135740429,1.3330304644048456,0.7408906879373568,0.9217273956529203,0.4439946017284625,1.2135208359292322
2,0.7301679208710764,0.9157498550332207,0.43456861613179193,1.2573802856330452,0.703103913308477,0.9068825905300506,0.4372469639649436,1.1945851777407483
3,0.7527504341410431,0.9319629409993806,0.4620729589400156,1.1903157892707599,0.7651821864761321,0.9311740877013779,0.4844804314466623,1.1059792199437275
4,0.777070064073915,0.9345686164078991,0.4878401850508208,1.1509198022841303,0.7300944658104386,0.9136302296610175,0.46423751646690525,1.1885894487100412
5,0.7828604517883142,0.9337000582490136,0.4965257677441052,1.120636980590202,0.713900135998462,0.9217273940441579,0.4574898790653579,1.214331098091908
6,0.7990735380305813,0.9444122758985739,0.5101331786813941,1.0766624518744021,0.7678812426111477,0.941970310391363,0.4588394066100178,1.1248306447838643
7,0.8016792120930771,0.9470179504787708,0.5222929936305732,1.0817957257837938,0.7800269915990019,0.9433198388610613,0.45748987870338637,1.1888046689361695
8,0.8219455704222405,0.9525188185192631,0.537637521472361,1.035152395060108,0.773279352468035,0.9406207835304271,0.4628879896059693,1.147251574455807
9,0.8216560513005481,0.9539664157498552,0.551534452532231,0.994642708849617,0.7071524979131907,0.9244264509835546,0.4224021590833883,1.2687952362413188
10,0.8372900982640282,0.9643891138290489,0.5639837868792098,0.9726560251106744,0.7462887977942442,0.9149797557175723,0.43049932402959556,1.2996286966218318
11,0.8396062537225327,0.961783439248852,0.5854082223163841,0.9415140863643883,0.7260458849863163,0.9149797578894014,0.40485829919295113,1.3029295775571816
12,0.8442385635696261,0.965547191454761,0.5796178340842838,0.9402421596910336,0.7368421057457866,0.932523615366695,0.4385964917509179,1.2096369408081096
13,0.8529241454691022,0.9681528660004444,0.5949623627198799,0.9204752354105566,0.7381916320436558,0.9271255047054265,0.4399460192955779,1.3712717373522347
14,0.8627678050288039,0.9638100747918558,0.594672843045973,0.9066109422596466,0.7786774631293035,0.9595141700404858,0.4669365731649875,1.191289125988197
15,0.8702953098547824,0.9681528665181455,0.6146496812180418,0.8714852677512597,0.7786774625662367,0.9500674750158179,0.46018893427533497,1.239602569304658
16,0.8694267519720041,0.9724956575196536,0.6210191087634424,0.8520135176478608,0.7368421041370242,0.9190283387135236,0.4089068835563505,1.387588672309752
17,0.8772437756780813,0.9727851766068326,0.6291256513496183,0.842004456959091,0.7786774639336848,0.93927125586511,0.491228071140696,1.1867406890298995
18,0.8847712800553857,0.9716270990501474,0.6409959464695802,0.8251184368658149,0.7408906885004236,0.9352226720647774,0.4291497979730408,1.4868853376944537
19,0.8856398381797579,0.9762594093804284,0.6505500867522791,0.7950826657598393,0.7341430496107711,0.9230769217094751,0.450742240618115,1.3119709895529084

evaluating...
loss: 1.375
acc: 45.88%
Top2Acc: 75.98%
Top3Acc: 92.85%
